
======================================================================
  RESEARCH RUN: DHG | full_report
  Run ID: run_dhg_20260611T135528_b38772350a
======================================================================

  [1/9] PREFLIGHT ...
        OK PREFLIGHT done in 6.7s [completed]
  [2/9] PLAN ...
        AGENT [research_manager] Create the typed research plan.
        AGENT [research_manager] -> completed | confidence=0.72
        OK PLAN done in 79.3s [completed]
  [3/9] INGEST_AND_VALIDATE ...
        TOOL  [data_evidence/auto_ingest] running...
[auto_ingest] FY2022 | status=SOURCE_MISSING | cafef=0 | pdf=0 | ingested=0 | promoted=0 | errors=2
[auto_ingest] FY2023 | status=SOURCE_MISSING | cafef=0 | pdf=0 | ingested=0 | promoted=0 | errors=2
[auto_ingest] FY2024 | status=SOURCE_MISSING | cafef=0 | pdf=0 | ingested=0 | promoted=0 | errors=2
[auto_ingest] FY2025 | status=SOURCE_MISSING | cafef=0 | pdf=0 | ingested=0 | promoted=0 | errors=2
        TOOL  [auto_ingest] -> ok
        TOOL  [data_evidence/build_facts] running...
[build_facts] DHG — v2 data path (fact.production_facts)
[build_facts] DHG required periods: 2022FY, 2023FY, 2024FY, 2025FY
[build_facts] DHG — 96 canonical facts loaded from fact.production_facts
[build_facts] DHG — 96 facts remain after FY-only filter
[build_facts] DHG no source conflicts detected
[build_facts] DHG periods available: 2022FY, 2023FY, 2024FY, 2025FY
[build_facts] DHG latest fiscal year: 2025
[build_facts] DHG 2022FY: Tier 0/1 ✓
[build_facts] DHG 2023FY: Tier 0/1 ✓
[build_facts] DHG 2024FY: Tier 0/1 ✓
[build_facts] DHG 2025FY: Tier 0/1 ✓
[build_facts] DHG annual_reports_collected: 4
[build_facts] DHG coverage_gate: pass
[build_facts] DHG core_keys_gate: pass
[build_facts] DHG source_tier_coverage_status: pass
[build_facts] DHG valuation_gate: pass
[build_facts] DHG valuation_ready: True
[build_facts] DHG run_status: ok

[build_facts] Fact table (v2 canonical facts):
  capex.total                         2022FY=-233,991,633,058.0[T3]  2023FY=-486,342,533,930.0[T3]  2024FY=-88,704,714,502.0[T3]  2025FY=-31,136,402,852.0[T3]
  cash_and_equivalents.ending         2022FY=34,017,813,791.0[T3]  2023FY=94,134,026,358.0[T3]  2024FY=62,857,547,612.0[T3]  2025FY=129,895,664,996.0[T3]
  cogs.total                          2022FY=-2,418,521,064,699.0[T3]  2023FY=-2,671,849,997,386.0[T3]  2024FY=-2,747,101,521,942.0[T3]  2025FY=-2,760,593,928,931.0[T3]
  depreciation.total                  2022FY=81,001,086,959.0[T3]  2023FY=88,703,980,639.0[T3]  2024FY=169,695,469,422.0[T3]  2025FY=119,007,964,694.0[T3]
  eps.basic                           2022FY=7,318.0[T1]  2023FY=7,780.0[T1]  2024FY=5,763.0[T1]  2025FY=6,308.0[T1]
  equity.parent                       2022FY=4,291,536,903,457.0[T3]  2023FY=4,852,934,674,270.0[T3]  2024FY=4,094,755,097,969.0[T3]  2025FY=4,137,265,175,952.0[T3]
  gross_profit.total                  2022FY=2,257,494,943,128.0[T3]  2023FY=2,343,545,043,335.0[T3]  2024FY=2,137,766,133,150.0[T3]  2025FY=2,506,368,755,119.0[T3]
  interest_expense.total              2022FY=-12,558,694,966.0[T3]  2023FY=-29,529,505,062.0[T3]  2024FY=-24,810,529,888.0[T3]  2025FY=-25,635,277,644.0[T3]
  net_income.parent                   2022FY=988,454,646,072.0[T3]  2023FY=1,050,662,658,695.0[T3]  2024FY=775,985,500,216.0[T3]  2025FY=852,354,107,582.0[T3]
  operating_cash_flow.total           2022FY=901,284,606,303.0[T3]  2023FY=240,171,214,767.0[T3]  2024FY=1,317,583,405,328.0[T3]  2025FY=1,212,967,705,385.0[T3]
  profit_before_tax.total             2022FY=1,099,613,318,936.0[T3]  2023FY=1,159,174,385,084.0[T3]  2024FY=904,484,566,816.0[T3]  2025FY=986,599,267,177.0[T3]
  revenue.net                         2022FY=4,676,016,007,827.0[T3]  2023FY=5,015,395,040,721.0[T3]  2024FY=4,884,867,655,092.0[T3]  2025FY=5,266,962,684,050.0[T3]
  short_term_debt.ending              2022FY=114,723,409,074.0[T3]  2023FY=572,164,547,560.0[T3]  2024FY=649,913,916,414.0[T3]  2025FY=0.0[T3]
  short_term_investments.ending       2022FY=0.0[T3]  2023FY=0.0[T3]  2024FY=0.0[T3]  2025FY=0.0[T3]
  tax_expense.total                   2022FY=-111,158,672,864.0[T3]  2023FY=-108,511,726,389.0[T3]  2024FY=-128,499,066,600.0[T3]  2025FY=-134,245,159,595.0[T3]
  total_assets.ending                 2022FY=5,168,186,502,845.0[T3]  2023FY=6,110,474,220,572.0[T3]  2024FY=5,959,243,276,265.0[T3]  2025FY=5,173,881,628,997.0[T3]

[build_facts] Derived metrics:
  debt_to_equity                      2022FY=0.0267  2023FY=0.1179  2024FY=0.1587  2025FY=0.0000
  free_cash_flow.total                2022FY=667292973245.0000  2023FY=-246171319163.0000  2024FY=1228878690826.0000  2025FY=1181831302533.0000
  gross_margin                        2022FY=0.4828  2023FY=0.4673  2024FY=0.4376  2025FY=0.4759
  net_margin                          2022FY=0.2114  2023FY=0.2095  2024FY=0.1589  2025FY=0.1618
  total_debt.ending                   2022FY=114723409074.0000  2023FY=572164547560.0000  2024FY=649913916414.0000  2025FY=0.0000

[build_facts] Artifact saved: C:\Users\Admin\Desktop\multi-agent-equity-research\storage\runs\run_dhg_20260611T135528_b38772350a\facts_snapshot.json
[build_facts] v2 snapshot created: v2snap_512e2b6a1e854e42fd86 (96 facts, periods=['2022FY', '2023FY', '2024FY', '2025FY'])
        TOOL  [build_facts] -> ok
        TOOL  [data_evidence/build_index] running...
[build_index] DHG 2022: 32 PDF text chunks indexed (9e3c863dfcc7d651bd73681e862774e91a0550aa4998bb549fab65af15ddb725.pdf)
[build_index] DHG 2023: 112 PDF text chunks indexed (64599e1aa741ac286a5e0dbd35edbf4c300da94f44843473d7e58d8a5196b95f.pdf)
[build_index] DHG 2024: 98 PDF text chunks indexed (1888e5da702672c221010234772f286147ada9c8b1363df45985270c81ce10f7.pdf)
[build_index] DHG 2025: skipping scanned PDF 00c16423bad04feaab36f8cb998ef22511550cabeaddb12a6fe152450aad5b5e.pdf (use --ocr)
[build_index] DHG 2025: 40 OCR page chunks indexed (source=50fd3d508baf62a0c7d0d14c2135632fc73751c2360a90c86e0b43d8bdf6886e)
[build_index] DHG: 96 accepted facts found across [2022, 2023, 2024, 2025]
[build_index] DHG: 7 catalyst events added as chunk
[build_index] DHG: 5 fact-based chunks indexed (source=6d6d7faca13051c0c6acfa9b98ffd8c9a7626c115f9adbc0fd028dd8fbe70ab1)
[build_index] DHG: no external docs at C:\Users\Admin\Desktop\multi-agent-equity-research\storage\sources\documents\DHG  skipping
[build_index] DHG: total 287 chunks indexed
        TOOL  [build_index] -> ok
        AGENT [data_evidence] Review data inventory, source coverage, and retrieval readiness.
        AGENT [data_evidence] -> completed | confidence=0.70
        GATE DATA_QUALITY_GATE: PASS
        OK INGEST_AND_VALIDATE done in 313.2s [completed]
  [4/9] ANALYZE ...
        TOOL  [financial_analysis/read_snapshot] running...
        TOOL  [read_snapshot] -> ok
        TOOL  [financial_analysis/read_ratio_artifact] running...
        TOOL  [read_ratio_artifact] -> ok
        AGENT [financial_analysis] Create typed financial analysis with traceable diagnostics.
        AGENT [financial_analysis] -> completed | confidence=0.68
        GATE FINANCIAL_ANALYST_GATE: PASS
        OK ANALYZE done in 187.1s [completed]
  [5/9] FORECAST_AND_VALUE ...
        TOOL  [forecast_valuation/run_forecast] running...
        TOOL  [run_forecast] -> ok
        AGENT [forecast_valuation] Create the typed driver-based forecast model.
        AGENT [forecast_valuation] -> completed | confidence=0.00
        GATE FORECAST_QUALITY_GATE: PASS
        AGENT [forecast_valuation] Create the typed FCFF/FCFE valuation proposal.
        AGENT [forecast_valuation] -> completed | confidence=0.68
        TOOL  [forecast_valuation/run_valuation] running...
[run_valuation] DHG — creating/loading research snapshot
[run_valuation] DHG snapshot: v2snap_512e2b6a1e854e42fd86 (96 facts, periods=['2022FY', '2023FY', '2024FY', '2025FY'])
[run_valuation] DHG — loading facts from snapshot
[run_valuation] DHG — 96 facts loaded from snapshot
[run_valuation] DHG FY periods: ['2022FY', '2023FY', '2024FY', '2025FY']
\U0001f4e6 Vnstock 4.0.4 is available
Current: 4.0.2 (Python 3.12 (conda))
Update: C:\Users\Admin\anaconda3\python.exe -m pip install vnstock --upgrade
Release: https://vnstocks.com/docs/tai-lieu/lich-su-phien-ban
┏━━━━━━━━━━━━━━━━━━━━━━━━━━━━━━━━━━━━━━━━━━━━━━━━━━━━━━━━━━━━━━━━━━━━━━━━━━━━━━━━━┓
┃                                                                                 ┃
┃  ⚠️ THÔNG BÁO QUAN TRỌNG                                                        ┃
┃                                                                                 ┃
┃  Phát hành vnstock 4.0.1 cung cấp sửa lỗi quan trọng và bổ sung giao diện API   ┃
┃  thống nhất (Unified UI), tăng tính ổn định của code.                           ┃
┃  Cập nhật: pip install vnstock -U                                               ┃
┃  AI Agent Guide: https://github.com/vnstock-hq/vnstock-agent-guide/             ┃
┃                                                                                 ┃
┃  ────────────────────────────────────────────────────────────────────────────── ┃
┃                                                                                 ┃
┃  🚀 VNSTOCK INSIDERS PROGRAM - NÂNG TẦM TRẢI NGHIỆM CỦA BẠN! 🚀                 ┃
┃                                                                                 ┃
┃  Nếu bạn cảm thấy khó chịu với các thông báo và quảng cáo:                      ┃
┃                                                                                 ┃
┃  ✨ Ẩn toàn bộ thông báo và quảng cáo phiền hà                                  ┃
┃  🔓 Mở rộng khả năng sử dụng API tối đa                                         ┃
┃  ⚡ Tăng tốc tải dữ liệu từ 5-8 lần                                              ┃
┃  📈 Tăng giới hạn truy cập API lên đến 5 lần                                    ┃
┃  🤖 Dùng AI Agent viết code hiệu quả với tài liệu Agent Guide                    ┃
┃                                                                                 ┃
┃  🔗 Tham gia ngay: https://vnstocks.com/insiders-program#tiers                  ┃
┃                                                                                 ┃
┗━━━━━━━━━━━━━━━━━━━━━━━━━━━━━━━━━━━━━━━━━━━━━━━━━━━━━━━━━━━━━━━━━━━━━━━━━━━━━━━━━┛
[run_valuation] DHG — injected shares_outstanding.ending=130,746,071

[run_valuation] DHG — computing ratios

Ratio                            2022FY    2023FY    2024FY    2025FY
----------------------------------------------------------------------
  revenue_growth                      —      7.3%     -2.6%      7.8%
  gross_margin                    48.3%     46.7%     43.8%     47.6%
  net_margin                      21.1%     20.9%     15.9%     16.2%
  roe                             23.0%     21.6%     19.0%     20.6%
  roa                             19.1%     17.2%     13.0%     16.5%
  debt_to_equity                  0.03x     0.12x     0.16x     0.00x
  net_debt_to_equity              0.02x     0.10x     0.14x    -0.03x
  interest_coverage              88.56x    40.25x    37.46x    39.49x
  ocf_margin                      19.3%      4.8%     27.0%     23.0%
  fcf_margin                      14.3%     -4.9%     25.2%     22.4%
  ocf_to_net_income               0.91x     0.23x     1.70x     1.42x
  eps_growth                          —      6.3%    -25.9%      9.5%
  fcf_absolute_bn               667.29x  -246.17x  1228.88x  1181.83x
  gross_profit_growth                 —      3.8%     -8.8%     17.2%
  net_income_growth                   —      6.3%    -26.1%      9.8%
  roce                            22.4%     19.4%     16.4%     20.6%
  roic                            22.4%     19.4%     16.4%     20.6%

[run_valuation] DHG — running DCF (3 scenarios)
  DCF bear : could not compute — ['Simplified OCF-CAPEX DCF — sử dụng CAGR lịch sử, không phải driver-based forecast. Dùng FCFF/FCFE blend (60/40) làm định giá chính. Kết quả này chỉ mang tính tham khảo.', "Negative FCF in history: ['2023FY'] — CAGR-based projection unreliable; simplified DCF target price blocked"]
  DCF base : could not compute — ['Simplified OCF-CAPEX DCF — sử dụng CAGR lịch sử, không phải driver-based forecast. Dùng FCFF/FCFE blend (60/40) làm định giá chính. Kết quả này chỉ mang tính tham khảo.', "Negative FCF in history: ['2023FY'] — CAGR-based projection unreliable; simplified DCF target price blocked", 'Terminal value weight 77.9% > 70% — sensitivity analysis required']
  DCF bull : could not compute — ['Simplified OCF-CAPEX DCF — sử dụng CAGR lịch sử, không phải driver-based forecast. Dùng FCFF/FCFE blend (60/40) làm định giá chính. Kết quả này chỉ mang tính tham khảo.', "Negative FCF in history: ['2023FY'] — CAGR-based projection unreliable; simplified DCF target price blocked", 'Terminal value weight 87.1% > 85% — DCF result highly unreliable']

[run_valuation] DHG — building simplified sensitivity table (OCF-CAPEX FCF)

  Simplified FCF (OCF-CAPEX) — WACC rows x terminal-growth cols
  WACC            2.0%       2.5%       3.0%       3.5%       4.0%
  -------------------------------------------------------------------
  8.0%               —          —          —          —          —
  9.0%               —          —          —          —          —
  10.0%              —          —          —          —          —
  11.0%              —          —          —          —          —
  12.0%              —          —          —          —          —

[run_valuation] DHG — fetching current market price
pandas only supports SQLAlchemy connectable (engine/connection) or database string URI or sqlite3 DBAPI2 connection. Other DBAPI2 objects are not tested. Please consider using SQLAlchemy.
[run_valuation] DHG current price: 93,700 VND
[run_valuation] DHG — computing multiples

  Latest FY: 2025FY
  EPS (VND):        6,308
  Shares (mn):      130.8
  Observed P/E:     14.8x
  WARN: Relative valuation is PENDING — no peer_data_source provided. Target P/E, P/B, and EV/EBITDA require a real peer group dataset. Implied prices blocked until peer data is available.

[run_valuation] DHG — running 5-year financial forecast
  WARN (forecast): [DebtSchedule] Debt forecast uses analyst-approved manual_override path for FCFE publication.
  WARN (forecast): [DividendSchedule] Dividend data not found in fact_table (dividends_paid.total missing). Forecast assumes zero dividend payout — equity may be overstated. Recommend analyst review and explicit payout assumption.
  WARN (forecast): [WorkingCapital] DHG: no historical AR data — AR forecast will be 0 (delta_nwc may be understated)
  WARN (forecast): [WorkingCapital] DHG: no historical inventory data — inventory forecast will be 0
  WARN (forecast): [WorkingCapital] DHG: no historical AP data — AP forecast will be 0 (delta_nwc may be overstated)
  WARN (forecast): [ShareRollForward] DHG: no corporate action data provided — shares held constant at 130.746mn. Private placement / ESOP dilution is NOT modelled. Diluted EPS and target price/share may be overstated.
  WARN (forecast): [CashSweep] CashSweepArtifact: no reported_ending_cash supplied — reconciliation not verifiable; status = pending.
[run_valuation] DHG — net_borrowing_schedule connected: {'2026F': 343.44395, '2027F': 0.0, '2028F': 0.0, '2029F': 0.0, '2030F': 0.0}

[run_valuation] DHG — FCFF valuation (EBIT(1-T)+D&A-CAPEX-DeltaNWC, discounted at WACC)
  FCFF target price: 91271.0  (91,271 VND/share)
  FCFF upside:       -2.59%
  FCFF EV/Eq Value:  11,803.5 VND bn
  FCFF TV weight:    61.3% [ok]
  WARN (FCFF): [DebtSchedule] Debt forecast uses analyst-approved manual_override path for FCFE publication.
  WARN (FCFF): [DividendSchedule] Dividend data not found in fact_table (dividends_paid.total missing). Forecast assumes zero dividend payout — equity may be overstated. Recommend analyst review and explicit payout assumption.
  WARN (FCFF): [WorkingCapital] DHG: no historical AR data — AR forecast will be 0 (delta_nwc may be understated)
  WARN (FCFF): [WorkingCapital] DHG: no historical inventory data — inventory forecast will be 0
  WARN (FCFF): [WorkingCapital] DHG: no historical AP data — AP forecast will be 0 (delta_nwc may be overstated)
  WARN (FCFF): [ShareRollForward] DHG: no corporate action data provided — shares held constant at 130.746mn. Private placement / ESOP dilution is NOT modelled. Diluted EPS and target price/share may be overstated.
  WARN (FCFF): [CashSweep] CashSweepArtifact: no reported_ending_cash supplied — reconciliation not verifiable; status = pending.
  WARN (FCFF): FCFF: WACCAssumptions.tax_rate=20.0% differs from TaxPolicy.effective_tax_rate=11.9% by 8.1%; using TaxPolicy rate for EBIT(1-T)
  WARN (FCFF): FCFF 2026F: delta_nwc estimated as 2% revenue change (no WC schedule)

[run_valuation] DHG — FCFE valuation (NI+D&A-CAPEX-DeltaNWC+NetBorr, discounted at Re)
  FCFE target price: 91782.0  (91,782 VND/share)
  FCFE upside:       -2.05%
  FCFE EV/Eq Value:  12,000.2 VND bn
  FCFE TV weight:    59.7% [ok]
  WARN (FCFE): [DebtSchedule] Debt forecast uses analyst-approved manual_override path for FCFE publication.
  WARN (FCFE): [DividendSchedule] Dividend data not found in fact_table (dividends_paid.total missing). Forecast assumes zero dividend payout — equity may be overstated. Recommend analyst review and explicit payout assumption.
  WARN (FCFE): [WorkingCapital] DHG: no historical AR data — AR forecast will be 0 (delta_nwc may be understated)
  WARN (FCFE): [WorkingCapital] DHG: no historical inventory data — inventory forecast will be 0
  WARN (FCFE): [WorkingCapital] DHG: no historical AP data — AP forecast will be 0 (delta_nwc may be overstated)
  WARN (FCFE): [ShareRollForward] DHG: no corporate action data provided — shares held constant at 130.746mn. Private placement / ESOP dilution is NOT modelled. Diluted EPS and target price/share may be overstated.
  WARN (FCFE): [CashSweep] CashSweepArtifact: no reported_ending_cash supplied — reconciliation not verifiable; status = pending.
  WARN (FCFE): FCFE 2026F: delta_nwc estimated as 2% revenue change (no WC schedule)

[run_valuation] DHG — P/E Forward anchor: EPS_FY1=9,983 × P/E=15.0x = 149,739 VND/share
  WARN [PEForward] target_pe = 15.0x is the model default — no peer dataset used. Validate with peer-median P/E before publishing.

[run_valuation] DHG — Blended target price (60% FCFF + 40% FCFE)
  Price_FCFF:           91,271 VND/share
  Price_FCFE:           91,782 VND/share
  Target Price (blend): 91,476 VND/share
  Upside:               -2.37%
  Margin of Safety:     -2.43%
  FCFF/FCFE Gap:        0.56%

[run_valuation] DHG — Core P/E + Net Cash (Guidance §11, core_pe=19.0×)
  Net Cash/share:       993 VND  (cash=129.9, STI=0.0, debt=0.0 bn)
  Net Fin. Income: N/A
  ATI/share: N/A
  EPS Forward:          9,983 VND
  Core EPS:             9,983 VND  (= EPS − ATI/share)
  Target (19× core + cash): 190,663 VND/share

[run_valuation] DHG — Cross-model validation
  [CAPEX-AUDIT] Simplified OCF-CAPEX DCF — sử dụng CAGR lịch sử, không phải driver-based forecast. Dùng FCFF/FCFE blend (60/40) làm định giá chính. Kết quả này chỉ mang tính tham khảo.
  [CAPEX-AUDIT] Negative FCF in history: ['2023FY'] — CAGR-based projection unreliable; simplified DCF target price blocked
  [CAPEX-AUDIT] Simplified OCF-CAPEX DCF — sử dụng CAGR lịch sử, không phải driver-based forecast. Dùng FCFF/FCFE blend (60/40) làm định giá chính. Kết quả này chỉ mang tính tham khảo.
  [CAPEX-AUDIT] Negative FCF in history: ['2023FY'] — CAGR-based projection unreliable; simplified DCF target price blocked
  [CAPEX-AUDIT] Simplified OCF-CAPEX DCF — sử dụng CAGR lịch sử, không phải driver-based forecast. Dùng FCFF/FCFE blend (60/40) làm định giá chính. Kết quả này chỉ mang tính tham khảo.
  [CAPEX-AUDIT] Negative FCF in history: ['2023FY'] — CAGR-based projection unreliable; simplified DCF target price blocked

[run_valuation] DHG — FCFF sensitivity (WACC x terminal growth)

  Price_FCFF (VND/share) — WACC rows x terminal-growth cols
  WACC            2.0%       2.5%       3.0%       3.5%       4.0%
  -------------------------------------------------------------------
  11.8%        103,728    107,616    111,946    116,797    122,271
  12.8%         94,091     97,165    100,553    104,305    108,483
  13.8%         86,091     88,566     91,271     94,239     97,509
  14.8%         79,344     81,369     83,565     85,956     88,567
  15.8%         73,579     75,256     77,065     79,020     81,141

[run_valuation] DHG — FCFE sensitivity (Re x terminal growth)

  Price_FCFE (VND/share) — Re rows x terminal-growth cols
  Re              2.0%       2.5%       3.0%       3.5%       4.0%
  -------------------------------------------------------------------
  11.8%        104,167    108,020    112,310    117,118    122,542
  12.8%         94,596     97,643    101,000    104,718    108,858
  13.8%         86,649     89,102     91,782     94,723     97,963
  14.8%         79,943     81,950     84,126     86,495     89,083
  15.8%         74,210     75,873     77,665     79,602     81,704

[run_valuation] DHG — Blend sensitivity (Price_FCFF × Price_FCFE -> Target_DCF)
  FCFF \ FCFE     83,782     87,782     91,782     95,782     99,782
  ---------------------------------------------------------------------
      81,271      82,275     83,875     85,475     87,075     88,675
      86,271      85,275     86,875     88,475     90,075     91,675
      91,271      88,275     89,875     91,475     93,075     94,675
      96,271      91,275     92,875     94,475     96,075     97,675
     101,271      94,275     95,875     97,475     99,075    100,675
  Upside range: [-12.2%, 7.4%]

[run_valuation] DHG — P/E sensitivity (EPS_FY1 x Forward P/E)
  EPS \ P/E           10x         12x         14x         16x         18x
  ---------------------------------------------------------------------
       8,485      84,850    101,820    118,790    135,760    152,730
       9,184      91,840    110,208    128,576    146,944    165,312
       9,983      99,830    119,796    139,762    159,728    179,694
      10,781     107,810    129,372    150,934    172,496    194,058
      11,480     114,800    137,760    160,720    183,680    206,640

[run_valuation] DHG — EV/EBITDA sensitivity (EBITDA rows x Multiple cols)
  EBITDA \ x         7.0x        8.0x        9.0x       10.0x       11.0x
  ---------------------------------------------------------------------
        1359      73,742     84,135     94,528    104,920    115,313
        1471      79,733     90,982    102,230    113,479    124,727
        1599      86,581     98,808    111,034    123,261    135,488
        1726      93,428    106,633    119,838    133,043    146,248
        1838      99,419    113,480    127,541    141,602    155,663

[run_valuation] DHG — Assumption gate: draft_needs_analyst_review
  GATE: Tax policy has not been approved — tax rate source uncertain.
  GATE: Dividend schedule not approved — retained earnings and equity forecast may be overstated.
  GATE: Peer multiples not approved — relative valuation (P/E, EV/EBITDA) is pending verified peer dataset.
  GATE: Final recommendation has not been explicitly approved by analyst.
[run_valuation] DHG — Valuation confidence: final_rating=draft_only
  CONFIDENCE: Tax policy: historical effective rate used but not analyst-approved.
  CONFIDENCE: Dividend schedule: no dividend data — all earnings treated as retained.
  CONFIDENCE: FCFF DCF: computation warnings present (missing inputs in some years).
  CONFIDENCE: Relative P/E: pending — no peer group data.
  CONFIDENCE: Relative EV/EBITDA: pending — no peer group data.

[run_valuation] Artifact saved: C:\Users\Admin\AppData\Local\Temp\valuation-run_dhg_20260611T135528_b38772350a-jyzctdse\valuation.json
        TOOL  [run_valuation] -> ok
        TOOL  [forecast_valuation/read_valuation_artifact] running...
        TOOL  [read_valuation_artifact] -> ok
        AGENT [forecast_valuation] Review deterministic valuation outputs, assumptions, and model limitations.
        AGENT [forecast_valuation] -> completed | confidence=0.68
        GATE VALUATION_GATE: PASS
        GATE VALUATION_RECONCILIATION_GATE: PASS
        OK FORECAST_AND_VALUE done in 411.2s [completed]
  [6/9] WRITE_REPORT ...
        AGENT [research_manager] Perform the typed readiness review before report writing.
        AGENT [research_manager] -> completed | confidence=0.68
        AGENT [thesis_report] Create the typed grounded report draft from approved artifacts.
        AGENT [thesis_report] -> completed | confidence=0.00
        GATE REPORT_ASSEMBLY_GATE: FAIL
             - report_draft.sections must be a mapping
        !! WRITE_REPORT done in 223.5s [blocked]

  *** BLOCKED at WRITE_REPORT: report_draft.sections must be a mapping


======================================================================
  RUN COMPLETE: DHG | blocked | 1221.0s
  Stages: 6/9
  Gates: 5 passed, 1 failed
  Output: NO PDF GENERATED
======================================================================

[run_research] harness run_id=run_dhg_20260611T135528_b38772350a
[run_research] submitted through FullReportOrchestrator
